<?xml version="1.0" encoding="UTF-8"?>
<!-- Generated by org.testng.reporters.JUnitReportReporter -->
<testsuite skipped="0" hostname="DESKTOP-3IHQCB1" name="org.tcs.D" tests="3" failures="0" timestamp="08 Nov 2021 11:26:15 GMT" time="0.000" errors="0">
  <testcase name="test26" time="0.000" classname="org.tcs.D"/>
  <testcase name="test27" time="0.000" classname="org.tcs.D"/>
  <testcase name="test28" time="0.000" classname="org.tcs.D"/>
</testsuite> <!-- org.tcs.D -->
