<?xml version="1.0" encoding="UTF-8"?>
<!-- Generated by org.testng.reporters.JUnitReportReporter -->
<testsuite skipped="0" hostname="DESKTOP-3IHQCB1" name="org.cts.C" tests="2" failures="0" timestamp="08 Nov 2021 11:44:43 GMT" time="0.000" errors="0">
  <testcase name="test44" time="0.000" classname="org.cts.C"/>
  <testcase name="test43" time="0.000" classname="org.cts.C"/>
</testsuite> <!-- org.cts.C -->
