<?xml version="1.0" encoding="UTF-8"?>
<!-- Generated by org.testng.reporters.JUnitReportReporter -->
<testsuite skipped="0" hostname="DESKTOP-3IHQCB1" name="org.cts.B" tests="2" failures="0" timestamp="08 Nov 2021 11:26:15 GMT" time="0.016" errors="0">
  <testcase name="test62" time="0.000" classname="org.cts.B"/>
  <testcase name="test61" time="0.016" classname="org.cts.B"/>
</testsuite> <!-- org.cts.B -->
