<?xml version="1.0" encoding="UTF-8"?>
<!-- Generated by org.testng.reporters.JUnitReportReporter -->
<testsuite skipped="0" hostname="DESKTOP-3IHQCB1" name="org.tcs.F" tests="2" failures="0" timestamp="08 Nov 2021 11:44:43 GMT" time="0.000" errors="0">
  <testcase name="test17" time="0.000" classname="org.tcs.F"/>
  <testcase name="test15" time="0.000" classname="org.tcs.F"/>
</testsuite> <!-- org.tcs.F -->
