<?xml version="1.0" encoding="UTF-8"?>
<!-- Generated by org.testng.reporters.JUnitReportReporter -->
<testsuite skipped="0" hostname="DESKTOP-3IHQCB1" name="org.testng.AnnotaionFlow" tests="8" failures="0" timestamp="08 Nov 2021 11:28:15 GMT" time="0.001" errors="0">
  <testcase name="test11" time="0.000" classname="org.testng.AnnotaionFlow"/>
  <testcase name="test12" time="0.000" classname="org.testng.AnnotaionFlow"/>
  <testcase name="test15" time="0.000" classname="org.testng.AnnotaionFlow"/>
  <testcase name="test11" time="0.000" classname="org.testng.AnnotaionFlow"/>
  <testcase name="test14" time="0.000" classname="org.testng.AnnotaionFlow"/>
  <testcase name="test11" time="0.001" classname="org.testng.AnnotaionFlow"/>
  <testcase name="test16" time="0.000" classname="org.testng.AnnotaionFlow"/>
  <testcase name="test13" time="0.000" classname="org.testng.AnnotaionFlow"/>
</testsuite> <!-- org.testng.AnnotaionFlow -->
